20240815	12:11:59	d24adde0-6c0c-4bc7-94c9-d194dcebbe35	POST	/api/users/login	undefined
20240815	12:15:47	49a37c88-8566-41fa-bc1b-07f36ae10e64	POST	/api/users/register	undefined
20240815	12:15:52	160333e1-ac6c-4dbc-8e39-82bb1ebc9c66	POST	/api/users/register	undefined
20240815	12:16:11	ea6db3e3-b6ee-40d8-9f5a-3fb6ebbd22c2	POST	/api/users/login	undefined
20240815	17:07:11	b75a5ce2-d51a-4f86-82d6-e39d2b89d940	POST	/api/users/login	undefined
20240815	17:08:07	65bb5552-3f86-49cb-be3b-39953393deac	POST	/api/users/register	undefined
20240815	17:09:54	ea65a640-ad76-4518-9c15-013709ac3d23	POST	/api/users/register	undefined
20240815	17:10:03	24a8e549-5fe0-45b8-be68-855dbe00fc8c	POST	/api/users/register	undefined
20240815	17:13:42	02ac5bb9-f7ca-4b8e-b888-7bdffd29d361	POST	/api/users/register	undefined
20240815	17:13:50	05c5a99f-a793-4685-acb4-0140f9af3595	POST	/api/users/register	undefined
20240815	17:14:05	517ff716-4662-4e24-b800-78d30e943a17	POST	/api/users/register	undefined
20240815	17:14:12	1a5e9c54-19af-433f-b435-8ef7459038ef	POST	/api/users/register	undefined
20240815	17:14:30	a9231f9d-b730-485e-9fa4-4a89cd6fa72c	POST	/api/users/lgoin	undefined
20240815	17:16:13	e59da1fe-0d97-44ca-9a46-9f402f6c9705	POST	/api/users/lgoin	undefined
20240815	17:16:28	de98a114-9591-479c-87e3-02d169b77ffd	POST	/api/users/login	undefined
20240819	11:40:18	85de5e6c-499b-43eb-a48f-175ce47363fd	POST	/api/users/register	undefined
20240819	11:47:12	9f69cefd-0314-4deb-8fa9-c11e4ceb1f84	POST	/api/users/register	undefined
20240819	11:51:43	d7394bba-f884-47e4-a3b4-7d7b4ec871c3	POST	/api/users/register	undefined
20240819	11:54:59	4b6aa57d-6ffc-4608-aa40-0162146b5136	POST	/api/users/register	undefined
20240819	11:55:20	5151f5fd-05e0-4e4a-a986-d443df6dc5a6	POST	/api/users/register	undefined
20240819	11:55:21	6055fc91-58f7-4341-995e-719468311000	POST	/api/users/register	undefined
20240819	11:55:22	25e32c0e-d614-4cfb-98bb-b83279f1740b	POST	/api/users/register	undefined
20240819	11:55:23	59b5b8e0-df94-4aea-a4bb-26d10c60c122	POST	/api/users/register	undefined
20240819	12:00:49	6426a67f-ab71-4b9b-a5f1-c891cf83bdd4	POST	/api/users/register	undefined
20240819	12:01:15	a94a8c31-49a0-4c31-8355-347a18711bbf	POST	/api/users/login	undefined
20240819	12:01:25	86e665ee-114e-4693-81cc-db060a40fb28	POST	/api/users/login	undefined
20240819	12:07:35	20cc2ef1-f59d-4288-9ebb-042aa7c2fee7	POST	/api/users/login	undefined
20240819	12:09:14	b6d8d982-a0cc-40a0-8a3e-8358408ec0aa	POST	/api/users/login	undefined
20240819	12:09:15	d44e03f4-4a46-44a7-835f-dde6a5897344	POST	/api/users/login	undefined
20240819	12:09:15	49c3f7c7-ba21-48f3-a0f7-3dccf9044a93	POST	/api/users/login	undefined
20240819	12:09:15	3b3657fa-b384-4b22-8258-5c8bd74181d0	POST	/api/users/login	undefined
20240819	12:09:16	4ca962be-2fbc-4129-aaec-424daf40b3f3	POST	/api/users/login	undefined
20240819	12:09:16	7962523a-e6aa-4f71-961b-dccef01798dc	POST	/api/users/login	undefined
20240819	12:09:17	506d7ad8-1f01-4df2-b860-4a51e85650ae	POST	/api/users/login	undefined
20240819	12:09:18	675013d2-f657-434a-b61c-f2bdd7ffc72a	POST	/api/users/login	undefined
20240819	12:09:55	447cc59c-af87-4ef9-a361-bb6e98365e18	POST	/api/users/login	undefined
20240819	12:09:56	41222493-6c3e-4058-8814-d5208f78b966	POST	/api/users/login	undefined
20240819	12:11:42	fad4358d-fdad-4d81-9b76-2f56296840c9	POST	/api/users/login	undefined
20240819	15:27:45	59dccfff-432b-4c4f-a933-e687d3d4cb22	POST	/api/users/login	undefined
20240819	15:28:32	d7be5d77-1bf5-43fe-86b4-d244dc5960dc	OPTIONS	/api/auth/register	http://localhost:3000
20240819	15:28:32	6a89847d-dce3-4511-8ce5-615de34a8d9f	POST	/api/auth/register	http://localhost:3000
20240819	15:28:34	f0ece1c3-c02c-46d0-b154-d375d7d3ecb1	POST	/api/auth/register	http://localhost:3000
20240819	15:28:35	54fc1a4c-7eb1-4f98-bd7d-973cdcae394f	POST	/api/auth/register	http://localhost:3000
20240819	15:28:35	6af309a4-d958-4ca9-837b-958e8aaec69d	POST	/api/auth/register	http://localhost:3000
20240819	15:28:54	405ea387-a28f-412c-bc7b-c88e5e1c85fe	OPTIONS	/api/auth/register	http://localhost:3000
20240819	15:28:54	674a7647-526e-4492-8767-81c486065711	POST	/api/auth/register	http://localhost:3000
20240819	15:29:21	8301c9d8-d044-45a6-a2f9-9e4eafa5219a	OPTIONS	/api/auth/register	http://localhost:3000
20240819	15:29:21	0e6332cd-16d8-40b4-b57e-153658552462	POST	/api/auth/register	http://localhost:3000
20240819	15:29:29	0f64f2b4-0e64-472b-b537-48c27742fd51	OPTIONS	/api/auth/register	http://localhost:3000
20240819	15:29:29	b85e69c5-c692-4e4b-adcc-0b5eba1370cd	POST	/api/auth/register	http://localhost:3000
20240819	15:30:00	f0ccdc05-572f-4065-9c39-549867d903e1	OPTIONS	/api/auth/register	http://localhost:3000
20240819	15:30:00	c9ad3ee0-97fb-4837-9b73-77b46eb3aaeb	POST	/api/auth/register	http://localhost:3000
20240819	15:30:07	f88f20aa-50ad-4884-9bf4-fe05786ce2c0	OPTIONS	/api/users/register	http://localhost:3000
20240819	15:30:07	7563a454-89d8-406f-96e9-ba907448ef36	POST	/api/users/register	http://localhost:3000
20240819	15:30:57	9902f36d-0b0b-4865-9bc2-2f686fb6b9e5	OPTIONS	/api/users/register	http://localhost:3000
20240819	15:30:57	57b920d3-d254-430b-99fe-eed76c63c95a	POST	/api/users/register	http://localhost:3000
20240819	15:32:24	7073c594-823b-4589-adf9-c0999286cd94	OPTIONS	/api/users/register	http://localhost:3000
20240819	15:32:24	6025be6b-16a5-4807-b3f2-e3b07e378fbc	POST	/api/users/register	http://localhost:3000
20240819	15:32:29	17bc8128-d0d7-495c-bf75-cbb6df08849a	POST	/api/users/register	http://localhost:3000
20240819	15:32:32	3970b702-3c67-445d-bc0d-a0da516737d5	OPTIONS	/api/users/register	http://localhost:3000
20240819	15:32:32	23e1b04b-ab15-4a1c-9cd8-5361a14c4424	POST	/api/users/register	http://localhost:3000
20240819	15:33:32	82bf5df6-911b-4142-93e4-79ecc9dd30d2	OPTIONS	/api/users/register	http://localhost:3000
20240819	15:33:32	6c2ee48d-1736-4af5-a93a-383edc9325dd	POST	/api/users/register	http://localhost:3000
20240819	15:33:34	eef4d207-096d-4151-a104-ca0045070514	POST	/api/users/register	http://localhost:3000
20240819	15:34:42	36a3b143-c614-4c05-b955-a11488532699	POST	/api/users/register	undefined
20240819	15:34:52	f22b54ff-251c-44b2-bc4c-62e39582f8ec	POST	/api/users/register	undefined
20240819	15:34:54	27be3425-7605-40f0-a381-81edc833feb5	POST	/api/users/register	undefined
20240819	15:34:55	ded8feee-1d71-479b-abd7-7795f7a12740	POST	/api/users/register	undefined
20240819	15:34:56	1154f039-9566-4eae-9894-29dbc474eac1	POST	/api/users/register	undefined
20240819	15:34:57	f8057e21-4f6c-4bdd-9029-9f68466550e8	POST	/api/users/register	undefined
20240819	15:36:41	aa659e98-8dd3-465f-af61-3806c55176bb	OPTIONS	/api/users/register	http://localhost:3000
20240819	15:36:41	790d4eda-3e1f-4603-9095-8b24570b6247	POST	/api/users/register	http://localhost:3000
20240819	15:36:49	b0b1bb1e-50d0-4fce-be84-04f61d48ee11	OPTIONS	/api/users/register	http://localhost:3000
20240819	15:36:49	67c4acb4-677e-4ca2-b24e-85cd9ebed920	POST	/api/users/register	http://localhost:3000
20240819	15:37:01	c1ff1de3-2cae-47ee-a840-46b8fe6ec324	OPTIONS	/api/users/register	http://localhost:3000
20240819	15:37:01	7211e7de-7235-43ea-91c9-602115c9f63c	POST	/api/users/register	http://localhost:3000
20240819	15:37:05	3f32d33b-fb21-4117-82ce-0bbf4dc7a410	POST	/api/users/register	http://localhost:3000
20240819	15:37:48	ab52e524-7d34-4377-9ed7-f2afe90c08e9	OPTIONS	/api/users/register	http://localhost:3000
20240819	15:37:48	c83d09d6-caca-4347-a601-2edd0f8ab8fc	POST	/api/users/register	http://localhost:3000
20240819	15:38:10	7292ac61-5000-4093-9dd5-d1da702973e9	OPTIONS	/api/users/register	http://localhost:3000
20240819	15:38:10	a8b66a23-16e9-4cb0-847f-35e85cc6d27f	POST	/api/users/register	http://localhost:3000
20240819	15:38:33	4bb0abda-4543-4275-a138-f8dab7e9b3fa	OPTIONS	/api/users/register	http://localhost:3000
20240819	15:38:33	cf08bd5b-b716-4858-ad05-f96063b0fe8c	POST	/api/users/register	http://localhost:3000
20240819	15:40:22	6fb340fb-a660-4aad-a6d7-852ab0b00b92	OPTIONS	/api/users/register	http://localhost:3000
20240819	15:40:22	86befc25-4cad-421f-80e0-37ab574c1d73	POST	/api/users/register	http://localhost:3000
20240819	15:40:50	3924ac8e-790e-4f3a-9b28-d521b9c39c4f	OPTIONS	/api/users/register	http://localhost:3000
20240819	15:40:50	c6ba4d67-36a8-4c68-8965-7948b4295f80	POST	/api/users/register	http://localhost:3000
20240819	15:41:06	94e7f85e-2618-402f-82dd-d72ca1bc4bdd	OPTIONS	/api/users/register	http://localhost:3000
20240819	15:41:06	5bd9cc1f-2cb4-42c2-b312-56f260419ee1	POST	/api/users/register	http://localhost:3000
20240819	15:43:29	69faa1cd-37c6-4347-89c3-0a270426073e	OPTIONS	/api/users/login	http://localhost:3000
20240819	15:43:29	3e735993-ac63-45c2-bce4-3f705e4cb88b	POST	/api/users/login	http://localhost:3000
20240819	15:43:35	add450e1-bcbe-4d41-aa2c-898899538bdc	OPTIONS	/api/users/login	http://localhost:3000
20240819	15:43:35	d75c74bb-3975-4334-80c5-4b09d4a71fa6	POST	/api/users/login	http://localhost:3000
20240819	15:43:47	ae1f1c68-0aef-442c-90a7-e5fa3ca26dbb	OPTIONS	/api/users/login	http://localhost:3000
20240819	15:43:47	05d2de9c-336c-4337-aad6-2c633b4bc514	POST	/api/users/login	http://localhost:3000
20240819	15:43:52	44879ab0-3082-4a56-b4b8-3dfc91f1f829	POST	/api/users/login	http://localhost:3000
20240819	15:43:56	12480384-2591-4f9b-91d0-95cc71d73496	OPTIONS	/api/users/login	http://localhost:3000
20240819	15:43:56	a16c0ef0-54bc-424e-bdb2-efe3277755a4	POST	/api/users/login	http://localhost:3000
20240819	15:49:29	2f4d10b1-355f-4eba-9602-fd4ad663e4bf	OPTIONS	/api/users/login	http://localhost:3000
20240819	15:49:29	3028ac42-15a4-4822-82bf-5fb7a915716c	POST	/api/users/login	http://localhost:3000
20240819	15:49:37	867f7e7a-a590-43f5-b90c-ebced9da050d	OPTIONS	/api/users/login	http://localhost:3000
20240819	15:49:37	6980be77-7893-41cf-a4bf-dc97debbdbca	POST	/api/users/login	http://localhost:3000
20240819	15:50:39	e5bd8a48-5abc-488d-910d-443a5eb504a6	OPTIONS	/api/users/login	http://localhost:3000
20240819	15:50:39	92fd90fd-b691-4134-a778-b3df38cdd8fe	POST	/api/users/login	http://localhost:3000
20240819	15:51:20	b0d54b8c-9e45-4541-a624-4289909aeb38	OPTIONS	/api/users/login	http://localhost:3000
20240819	15:51:20	012da2a4-8ddf-4674-9626-8a9253421900	POST	/api/users/login	http://localhost:3000
20240819	15:51:23	f418b189-65df-490c-8384-10de3650e9ff	POST	/api/users/login	http://localhost:3000
20240819	15:52:04	804e9f92-9451-4130-b5c3-b968793fcf7f	OPTIONS	/api/users/login	http://localhost:3000
20240819	15:52:04	69eefd42-d9c6-47d4-895b-198fc7bec048	POST	/api/users/login	http://localhost:3000
20240819	15:52:57	6a87fccd-1731-48cf-acbf-99e8fc7031aa	OPTIONS	/api/users/login	http://localhost:3000
20240819	15:52:57	f63161a1-8a3a-4ab6-8f41-7b7d88a1b5d0	POST	/api/users/login	http://localhost:3000
20240819	15:53:07	2d18e789-2f78-44c4-b063-97584f191764	OPTIONS	/api/users/login	http://localhost:3000
20240819	15:53:07	9c15759d-530c-4a31-b799-62fcaab4c7d7	POST	/api/users/login	http://localhost:3000
20240819	15:53:08	66fc317b-9177-411b-af0b-f4c145a9e061	POST	/api/users/login	http://localhost:3000
20240819	15:53:10	dabb8929-f7f2-48b7-ad1e-4bdf8cda5ca6	POST	/api/users/login	http://localhost:3000
20240819	15:53:11	d5a5ff71-d366-4b75-bacc-85aecc727865	POST	/api/users/login	http://localhost:3000
20240819	15:53:41	13570319-1393-4b7e-a3a3-9159fe1b9bbd	OPTIONS	/api/users/login	http://localhost:3000
20240819	15:53:41	e6ae53c0-bd97-44a7-853f-9c7917d210f8	POST	/api/users/login	http://localhost:3000
20240819	15:53:47	7960fcb2-4fa9-47b8-8735-097ee8528d56	OPTIONS	/api/users/login	http://localhost:3000
20240819	15:53:47	e99ca085-0ba9-4c43-870b-30f7b70797a0	POST	/api/users/login	http://localhost:3000
20240819	15:53:57	596a72a8-6f86-48ae-a77f-8130dee27e6f	OPTIONS	/api/users/login	http://localhost:3000
20240819	15:53:57	d90ccb71-104b-4110-ad76-438693579bfc	POST	/api/users/login	http://localhost:3000
20240819	15:53:59	7218e624-3cc8-499b-b163-949a637b3c6e	POST	/api/users/login	http://localhost:3000
20240819	15:54:00	d9166a75-269d-4f66-8fe8-e17157adf887	POST	/api/users/login	http://localhost:3000
20240819	15:54:01	dfd1cd2a-675c-43b5-839a-8b41a9573b87	POST	/api/users/login	http://localhost:3000
20240819	15:54:01	0c38e737-6d92-4c3c-94b6-5a3f2c237758	POST	/api/users/login	http://localhost:3000
20240819	15:54:01	d52592ee-bf8c-4d29-8496-538f61ad5145	POST	/api/users/login	http://localhost:3000
20240819	15:54:02	d0d24b52-5549-4180-b710-53d4af84d0ea	POST	/api/users/login	http://localhost:3000
20240819	15:54:02	08720d34-fc8b-4d1e-8437-902aba1614c1	POST	/api/users/login	http://localhost:3000
20240819	15:54:02	66ea6d00-7355-43b8-a5fe-04d642d68b42	POST	/api/users/login	http://localhost:3000
20240819	15:54:02	c4fc2ae7-b12c-46c6-be42-30bc7251e8dc	OPTIONS	/api/users/login	http://localhost:3000
20240819	15:54:02	70c4f4a8-141d-4a00-8a6b-b961d39c1c1e	POST	/api/users/login	http://localhost:3000
20240819	15:54:45	ed6764a4-f43b-4cb7-a4de-3f0efb4d184d	OPTIONS	/api/users/login	http://localhost:3000
20240819	15:54:45	f2b27d2d-5b53-42f5-8a6b-27741123cf27	POST	/api/users/login	http://localhost:3000
20240819	15:55:09	297c6fd4-ccf3-4c77-b26e-e435220d6150	OPTIONS	/api/users/login	http://localhost:3000
20240819	15:55:09	cdf33654-9426-4602-be8e-1359bdecda46	POST	/api/users/login	http://localhost:3000
20240819	15:55:14	65aa7509-2af3-4f0a-9727-bdc3fff24f1a	POST	/api/users/login	http://localhost:3000
20240819	15:56:01	8f0b978e-97ba-48d6-81a8-12c2e180cda9	OPTIONS	/api/users/login	http://localhost:3000
20240819	15:56:01	0058f1c9-0465-4b48-b460-4fd0188e8e6c	POST	/api/users/login	http://localhost:3000
20240819	15:56:18	520dd886-bb83-4465-9eaa-815f42969951	OPTIONS	/api/users/login	http://localhost:3000
20240819	15:56:18	72479c59-86de-41c9-b6cd-4ffee3d0d8f8	POST	/api/users/login	http://localhost:3000
20240819	15:56:26	104bee84-35c1-4ec3-bab0-690301e156df	OPTIONS	/api/users/login	http://localhost:3000
20240819	15:56:26	04c3c20b-881c-4d4e-8270-c828fdfc293b	POST	/api/users/login	http://localhost:3000
20240819	15:56:33	249a696f-78fb-4edd-a5cd-3a1082d8a324	OPTIONS	/api/users/login	http://localhost:3000
20240819	15:56:33	b77eda5b-78f1-45ac-9551-e1ef75f071ea	POST	/api/users/login	http://localhost:3000
20240819	15:57:11	15fc798f-3230-49ad-bfc8-dfface756ff9	OPTIONS	/api/users/login	http://localhost:3000
20240819	15:57:11	07d45239-9037-4aa8-ab7b-716025afab5c	POST	/api/users/login	http://localhost:3000
20240819	15:58:50	0ab6215f-f00b-47ed-8f10-ad2d07e1f099	OPTIONS	/api/users/register	http://localhost:3000
20240819	15:58:50	d8f6e4c2-8301-4d41-a701-2c9fe0977551	POST	/api/users/register	http://localhost:3000
20240819	15:58:52	3b40dc20-4031-4662-a0ab-225bbf09c6e4	POST	/api/users/register	http://localhost:3000
20240819	15:58:54	59314000-a60d-467f-b36d-82ac206898d6	POST	/api/users/register	http://localhost:3000
20240819	15:58:54	1cb23434-0f70-46c3-a7d2-234f771c6cc0	POST	/api/users/register	http://localhost:3000
20240819	15:58:54	8a5f2ad1-f19c-4f28-930e-046837152175	POST	/api/users/register	http://localhost:3000
20240819	15:58:55	69c458dd-2428-46dc-9219-cf22af65f517	POST	/api/users/register	http://localhost:3000
20240819	15:58:55	15960be0-8007-4db0-9edb-71432ff647ad	POST	/api/users/register	http://localhost:3000
20240819	15:59:16	83a1678f-6456-4dc5-a80b-a593b2a13d4d	OPTIONS	/api/users/register	http://localhost:3000
20240819	15:59:16	0e34286f-b546-43d6-b6e4-b6fda2b028a7	POST	/api/users/register	http://localhost:3000
20240819	15:59:28	7e020023-48c5-43db-83d1-773eb9f870a8	OPTIONS	/api/users/register	http://localhost:3000
20240819	15:59:28	a138c0a3-2b69-49c9-8ad1-d94fe4790eb7	POST	/api/users/register	http://localhost:3000
20240819	15:59:43	15df16fa-e97e-4f30-9255-e07eecb96e4f	OPTIONS	/api/users/login	http://localhost:3000
20240819	15:59:43	67271ee1-7b4e-4614-ae49-0acbcfcf2a0c	POST	/api/users/login	http://localhost:3000
20240819	16:04:51	e275aaed-d621-4afb-9c22-4bb967badd13	OPTIONS	/api/users/login	http://localhost:3000
20240819	16:04:51	621fb96b-59d0-414b-b1ef-f31d6373e4de	POST	/api/users/login	http://localhost:3000
20240819	16:09:19	e86969a2-b504-4058-a1b8-19b90357c5d7	OPTIONS	/api/users/login	http://localhost:3000
20240819	16:09:19	7ddd90e3-6ca4-4223-8235-a8f51cc9efc2	POST	/api/users/login	http://localhost:3000
20240819	16:09:26	676edff6-1b71-4f97-99c7-1b7a35ad1742	OPTIONS	/api/users/login	http://localhost:3000
20240819	16:09:26	4fef80f2-848d-43f9-bf01-5b8ee7bc89be	POST	/api/users/login	http://localhost:3000
20240819	16:28:12	bf8ae082-7351-4349-966f-0825e60c6c30	OPTIONS	/api/users/login	http://localhost:3000
20240819	16:28:12	841e772c-dba5-4d8f-bff8-d8aa1ee15b98	POST	/api/users/login	http://localhost:3000
20240819	16:30:42	9820567b-fc25-41ad-bd45-3cfe438a0b1d	OPTIONS	/api/users/login	http://localhost:3000
20240819	16:30:42	f34db3f5-6e53-457b-bc36-48720966bdfd	POST	/api/users/login	http://localhost:3000
20240820	10:33:37	8aac4db3-bb27-49c2-86bf-700761503652	OPTIONS	/api/users/register	http://localhost:3000
20240820	10:33:37	c4a96859-1c36-4ba6-a706-c3d60162b4d6	POST	/api/users/register	http://localhost:3000
20240822	13:11:06	c4fa5aa3-bfbd-40b8-a8bd-f98eccc7af21	OPTIONS	/api/users/register	http://localhost:3000
20240822	13:11:06	9302a260-ed41-4a11-8917-aaa2ac06be7c	POST	/api/users/register	http://localhost:3000
20240822	13:11:20	eba06f7e-91c9-4055-adeb-fe445dbb4623	OPTIONS	/api/users/register	http://localhost:3000
20240822	13:11:20	c3fa6217-b14e-4cd3-ae45-43cd94ad460f	POST	/api/users/register	http://localhost:3000
20240822	13:12:18	604a7e86-8566-42d7-a967-24b9a34dd2ff	OPTIONS	/api/users/register	http://localhost:3000
20240822	13:12:18	f7ffb9a5-8523-4f47-8eb0-b1e5d3aeaa80	POST	/api/users/register	http://localhost:3000
20240822	13:12:25	b9bb6efc-d8f2-4af4-b2d8-8f4fb3cbbed1	OPTIONS	/api/users/register	http://localhost:3000
20240822	13:12:25	cb402248-4dc3-464f-b8f1-95322e76cb75	POST	/api/users/register	http://localhost:3000
20240822	13:12:31	961b8cea-7e6a-4fe2-9dff-061d22bcbc89	OPTIONS	/api/users/register	http://localhost:3000
20240822	13:12:31	239c09be-fdae-4f4c-95a2-451c199c5f00	POST	/api/users/register	http://localhost:3000
20240822	14:42:46	a81a4d90-6a8a-4af3-bad0-cea5858371d2	OPTIONS	/api/users/login	http://localhost:3000
20240822	14:42:46	6d17695b-c233-4588-8293-21513ec8ff0b	POST	/api/users/login	http://localhost:3000
20240822	14:42:49	0db9677e-97e6-4c1c-800a-70ed6c35ec49	POST	/api/users/login	http://localhost:3000
20240822	14:42:50	6213533a-ffb0-4c27-b557-a6f99fe556dd	POST	/api/users/login	http://localhost:3000
20240822	14:42:51	5f6eeb29-4106-4f44-ac66-ca6cc08ea87e	OPTIONS	/api/users/login	http://localhost:3000
20240822	14:42:51	d41367d4-e59f-4fd0-9651-e290027e1354	POST	/api/users/login	http://localhost:3000
20240822	15:12:56	74acfebe-915f-4778-af79-a26ad81454a3	OPTIONS	/api/users/login	http://localhost:3000
20240822	15:12:56	eb8fa130-8a6f-42ff-815e-471ace3331cb	POST	/api/users/login	http://localhost:3000
20240822	15:19:09	2ce80ff5-6bec-49a0-b4b3-693cebb9daf2	OPTIONS	/api/users/register	http://localhost:3000
20240822	15:19:09	8db8d6fb-226e-4efb-b876-9cc70040f7ba	POST	/api/users/register	http://localhost:3000
20240822	15:19:10	fd1f453d-2a37-45b4-9a26-f8259c3e6d6c	POST	/api/users/register	http://localhost:3000
20240822	15:19:11	86deb23c-abb5-4cb7-993b-21d87da2d320	POST	/api/users/register	http://localhost:3000
20240822	15:19:11	35a4e3f7-9de6-435c-8420-a9524e406f58	POST	/api/users/register	http://localhost:3000
20240822	15:19:11	3800bd6f-a799-4193-857a-b1c335e47693	POST	/api/users/register	http://localhost:3000
20240822	15:19:11	20178d24-60fa-4d17-850a-90baef8eeb85	POST	/api/users/register	http://localhost:3000
20240822	15:19:12	9aa18e2e-7aef-4796-aad8-37bf5f15a6db	POST	/api/users/register	http://localhost:3000
20240822	15:19:12	06378558-b42b-41f9-b4b7-d99315316430	POST	/api/users/register	http://localhost:3000
20240822	15:19:12	e113ebcf-f2b3-43c9-b43a-8f7423b1585f	POST	/api/users/register	http://localhost:3000
20240822	15:20:49	f04e254a-1ccb-4074-8b03-9761ce980df4	OPTIONS	/api/users/register	http://localhost:3000
20240822	15:20:49	491ecd12-7375-4680-98f4-e6c5c5a56e8b	POST	/api/users/register	http://localhost:3000
20240822	15:21:05	647e76a6-ffd7-431b-8366-a96da2fd81c9	OPTIONS	/api/users/register	http://localhost:3000
20240822	15:21:05	be7e455a-b20d-42a7-8145-c71066614620	POST	/api/users/register	http://localhost:3000
20240822	15:21:06	e7a84d93-9ac4-4b6e-88bd-6925ef162c28	POST	/api/users/register	http://localhost:3000
20240822	15:23:42	c8b5e20b-93ef-4866-8a64-7e6760a6c5f8	OPTIONS	/api/users/register	http://localhost:3000
20240822	15:23:42	5882c84f-b14f-419f-b97d-8b8d82bcedb0	POST	/api/users/register	http://localhost:3000
20240822	15:24:59	bd72d1f2-9ebc-45fc-8fe3-97cecb6ea580	OPTIONS	/api/users/register	http://localhost:3000
20240822	15:24:59	921ddf57-07ca-4b7d-b393-e98ccf49fd96	POST	/api/users/register	http://localhost:3000
20240822	15:25:08	a103bd20-93eb-4cad-b56a-57f67c0a5d4d	OPTIONS	/api/users/register	http://localhost:3000
20240822	15:25:08	641cd1c5-2c70-4494-9aaa-05ebac4b2ac0	POST	/api/users/register	http://localhost:3000
20240822	15:25:09	5aafd4f3-8e23-45ea-93c6-8f3f9c2aa869	POST	/api/users/register	http://localhost:3000
20240822	15:25:09	409e5a7b-09bb-470b-9f44-6836b23de5c7	POST	/api/users/register	http://localhost:3000
20240822	15:25:09	888e9860-60fd-4be2-b025-b2a6a1e36833	POST	/api/users/register	http://localhost:3000
20240822	15:25:10	7041f998-3c19-4568-b3be-5f8f84f3afc2	POST	/api/users/register	http://localhost:3000
20240822	15:25:10	444bc69b-7f4d-43f8-b5df-b6462354e34b	POST	/api/users/register	http://localhost:3000
20240822	15:25:46	081afdd3-befb-4e28-95e3-0bcdf2e5f860	OPTIONS	/api/users/register	http://localhost:3000
20240822	15:25:46	bcd3ce4d-9e89-4b01-b981-c461d849d4da	POST	/api/users/register	http://localhost:3000
20240822	15:26:51	b11f3189-a922-41b1-8577-1a6837a165f5	OPTIONS	/api/users/register	http://localhost:3000
20240822	15:26:51	ddd5b1af-c33f-4d28-b858-0e7ab82d651d	POST	/api/users/register	http://localhost:3000
20240822	15:26:52	259ac7c7-3dff-46b4-993f-d04a4eaaf78b	POST	/api/users/register	http://localhost:3000
20240822	15:26:52	241ccb3f-ee76-4247-b19a-f2b78018a469	POST	/api/users/register	http://localhost:3000
20240822	15:26:52	f2bcacd7-4e22-4811-9ddd-d23ed346e97e	POST	/api/users/register	http://localhost:3000
20240822	15:26:53	ec56df30-9dbf-4473-88c8-2537e288934d	POST	/api/users/register	http://localhost:3000
20240822	15:26:53	84ebdd6d-5f5b-4e8a-bfa8-6bcf1add9ded	POST	/api/users/register	http://localhost:3000
20240822	15:26:53	d2a112ed-cce3-455e-b205-90521ad7cf9e	POST	/api/users/register	http://localhost:3000
20240822	15:26:53	0ec16b60-efe4-4132-8a45-f85ee52e1e7e	POST	/api/users/register	http://localhost:3000
20240822	15:26:53	541e8f99-7298-461c-b7d5-daab96accf81	POST	/api/users/register	http://localhost:3000
20240822	15:28:00	beb9cb6b-0309-4924-bd24-a9afc614d1e9	OPTIONS	/api/users/register	http://localhost:3000
20240822	15:28:00	09826ef4-0f9e-4f7d-8dad-c99a26eee139	POST	/api/users/register	http://localhost:3000
20240822	15:28:11	0b5d99e7-4176-4f13-8a0b-51bbeaaaa359	OPTIONS	/api/users/register	http://localhost:3000
20240822	15:28:11	7395889b-643a-4a2b-a4fc-5b47f8fd1078	POST	/api/users/register	http://localhost:3000
20240822	15:28:25	8a781cb9-adcc-45e6-a9fa-b544e40e3758	OPTIONS	/api/users/register	http://localhost:3000
20240822	15:28:25	51e3212e-3a3c-460a-ab23-d1ccba549a52	POST	/api/users/register	http://localhost:3000
20240822	15:28:53	e001f7de-9b6f-425d-9499-73b3f686e2b6	OPTIONS	/api/users/login	http://localhost:3000
20240822	15:28:53	05bd65d2-fcfe-4d18-955a-3db75fa5eb57	POST	/api/users/login	http://localhost:3000
20240822	15:46:48	0186a0cb-ac4d-4c21-9de7-f5b02ab94a2d	POST	/api/users/logout	http://localhost:3000
20240822	15:46:51	ef165f7f-5b39-4072-a0ab-b3c66b269ee0	POST	/api/users/logout	http://localhost:3000
20240822	15:46:58	424d27ea-f175-4a7b-a68e-3792c112a79d	POST	/api/users/logout	http://localhost:3000
20240822	15:46:59	7014658c-a8cc-4c5b-ab1e-0369c43d5559	POST	/api/users/logout	http://localhost:3000
20240822	15:48:21	19f8287c-dfe2-415c-b0e4-dff439bede2a	POST	/api/users/logout	http://localhost:3000
20240822	15:49:26	96ce3ef2-8878-485b-b0b8-ce0078e0a473	OPTIONS	/api/users/login	http://localhost:3000
20240822	15:49:26	28850cd7-f8eb-428d-b0b7-510b3f6b2e7a	POST	/api/users/login	http://localhost:3000
20240822	15:49:35	1be27b67-f3d0-4604-a0ff-29c964872ded	POST	/api/users/logout	http://localhost:3000
20240822	15:50:03	ad957b9d-6862-402e-b011-983132ca7573	POST	/api/users/logout	http://localhost:3000
20240822	15:50:04	b7f80615-41da-495d-83c2-a8afa8de01e7	POST	/api/users/logout	http://localhost:3000
20240822	15:50:05	1030df72-9866-4812-aa80-db83b5fc0028	POST	/api/users/logout	http://localhost:3000
20240822	15:50:05	cf076beb-d49d-4de0-9448-8016867cffdf	POST	/api/users/logout	http://localhost:3000
20240822	15:50:05	3b003e37-9acb-4423-9833-40e24c604ff0	POST	/api/users/logout	http://localhost:3000
20240822	15:50:05	4825a6df-5fde-4290-aa47-b2c37fd81e7b	POST	/api/users/logout	http://localhost:3000
20240822	15:50:05	8507aa89-a74e-48a6-ae70-23ef74a4cfa6	POST	/api/users/logout	http://localhost:3000
20240822	15:50:05	6e57cf58-271b-4133-9bfc-f6ae9262d24e	POST	/api/users/logout	http://localhost:3000
20240822	15:50:06	56afd186-9fe5-4bd7-8121-7a6b74fa5530	POST	/api/users/logout	http://localhost:3000
20240822	15:50:06	50a108fc-d6cd-47b7-86dd-58ab98d640c9	POST	/api/users/logout	http://localhost:3000
20240822	15:50:06	bf387dc4-2e3b-40d4-98b1-5b4f94e294c6	POST	/api/users/logout	http://localhost:3000
20240822	15:50:06	ab14d35e-adb5-4e91-ab4f-1f8949e402b4	POST	/api/users/logout	http://localhost:3000
20240822	15:52:52	9aa3a91c-4037-4902-a56d-3f39df2e4a16	OPTIONS	/api/users/login	http://localhost:3000
20240822	15:52:52	01a9dcf3-6bc3-4ef0-b3f6-d157bdf464f6	POST	/api/users/login	http://localhost:3000
20240822	15:52:55	7fe2960b-2c7c-4a56-9ce9-26d4193b70b1	POST	/api/users/logout	http://localhost:3000
20240822	17:41:21	cf1ffd60-b380-42c7-a617-c94be4062180	OPTIONS	/api/users/login	http://localhost:3000
20240822	17:41:21	2c3fb643-3f7f-49f8-82a9-c7858b138605	POST	/api/users/login	http://localhost:3000
20240822	17:41:31	3629dea8-abfa-4633-837a-4b1db5c4fa83	POST	/api/users/logout	http://localhost:3000
20240822	17:41:51	dd72d1de-2236-4c99-9981-91dfe09c7422	OPTIONS	/api/users/login	http://localhost:3000
20240822	17:41:51	9bc631df-bbea-4a63-9632-dd45088f2059	POST	/api/users/login	http://localhost:3000
20240822	18:47:06	4deb0683-f98c-46d6-bff9-2265033b1c81	POST	/api/users/logout	http://localhost:3000
20240822	18:48:48	d11f3e78-9091-4f7d-ba2b-0146be70fe74	POST	/api/users/register	undefined
20240822	18:48:52	15378944-917b-4351-9bbd-995763f40458	POST	/api/users/register	undefined
20240822	19:14:29	efef236e-00ec-4260-9aab-675797c384b3	OPTIONS	/api/users/login	http://localhost:3000
20240822	19:14:29	c0b4080c-e916-4d57-8e23-ea1373e13fc5	POST	/api/users/login	http://localhost:3000
20240822	19:18:20	39d5b157-08ee-4dfa-900a-827efd472413	GET	/api/protected/profile	http://localhost:3000
20240822	19:18:20	0599b8b4-0e64-488b-ba2d-a5302204602b	GET	/api/protected/profile	http://localhost:3000
20240822	19:18:28	de193fd9-6a14-430b-a9e4-1a8cd9d8f7b6	GET	/api/protected/profile	http://localhost:3000
20240822	19:18:28	81c0e0e4-6096-4a1a-aa15-936a9579460b	GET	/api/protected/profile	http://localhost:3000
20240822	19:19:34	518d1b9b-005a-40f9-826d-ce6b7aa3fffa	GET	/api/protected/profile	http://localhost:3000
20240822	19:19:34	fe7ca266-aabf-4427-acd7-36d133e6abca	GET	/api/protected/profile	http://localhost:3000
20240822	19:21:52	0f9b3f5c-3735-45d4-9906-3d5d477bb116	GET	/api/protected/profile	http://localhost:3000
20240822	19:21:52	a07bd230-8efd-421f-8fab-0bfd896c5568	GET	/api/protected/profile	http://localhost:3000
20240822	19:22:45	aa5c0382-177f-4920-8a4d-05e07f61df9f	GET	/api/protected/profile	http://localhost:3000
20240822	19:22:45	be8e5e2e-572a-4a61-b26d-c740acf4da66	GET	/api/protected/profile	http://localhost:3000
20240822	19:23:39	1e13019a-55e5-41a5-a59b-56959464bd45	GET	/api/protected/profile	http://localhost:3000
20240822	19:23:39	8191d68d-1412-479f-9665-275a0831502e	GET	/api/protected/profile	http://localhost:3000
20240822	19:25:23	0c2b0447-f49f-415a-8be8-6be7e3ff42fc	GET	/api/protected/profile	http://localhost:3000
20240822	19:25:23	a76ed8f3-215a-4cea-a2c8-1ec90f0c53ac	GET	/api/protected/profile	http://localhost:3000
20240822	19:29:35	a4a4e5f9-276d-4b74-b18f-da96157fba07	GET	/api/protected/profile	http://localhost:3000
20240822	19:29:35	2ace276f-5c4e-4da5-b6c9-b5fdbbcc226d	GET	/api/protected/profile	http://localhost:3000
20240822	19:30:17	52da2129-13a0-4e07-a790-bb74bd31afec	GET	/api/protected/profile	http://localhost:3000
20240822	19:30:17	9372d7ff-c485-457a-964f-08ebba72b216	GET	/api/protected/profile	http://localhost:3000
20240822	19:32:42	fc339ca9-4481-48b1-9102-ef3c88915d76	GET	/api/protected/profile	http://localhost:3000
20240822	19:32:42	5a9d7fef-8de3-41cc-84b2-112457084e9b	GET	/api/protected/profile	http://localhost:3000
20240822	19:32:57	42ea985a-32cd-476d-99e0-d46971b9c3e9	GET	/api/protected/profile	http://localhost:3000
20240822	19:32:57	53d0f187-43e9-4444-aa3f-296a2234fdc1	GET	/api/protected/profile	http://localhost:3000
20240822	19:33:27	58d7f0b9-6f30-4fb1-b89d-0dbeeeb66e54	GET	/api/protected/profile	http://localhost:3000
20240822	19:33:27	d2431eb9-7e7b-47a8-91a5-cd451264e251	GET	/api/protected/profile	http://localhost:3000
20240822	19:33:54	3cda7bbd-d4ef-4af4-b551-a2e6ce011b85	GET	/api/protected/profile	http://localhost:3000
20240822	19:33:54	cd341c44-d800-411e-86a6-a88ee8c9fe4d	GET	/api/protected/profile	http://localhost:3000
20240822	19:38:35	13616727-008a-4435-a7ae-fdfc4060f6e1	POST	/api/users/logout	http://localhost:3000
20240822	19:39:00	66252b6d-1e7e-44e7-b82c-097ac8185e04	OPTIONS	/api/users/login	http://localhost:3000
20240822	19:39:00	8316ba4a-621c-4005-ae07-b74c8ff4cb13	POST	/api/users/login	http://localhost:3000
20240822	19:39:00	4bad2100-86bf-49e4-bebf-cb8b96e9b92d	GET	/api/protected/profile	http://localhost:3000
20240822	19:39:00	e6c499f4-7fa9-40cf-9617-3e570283fdbf	GET	/api/protected/profile	http://localhost:3000
20240822	19:39:21	978ef085-308e-4f05-87cf-656af857eb96	GET	/api/protected/profile	http://localhost:3000
20240822	19:39:21	2b552f70-2a69-4e06-8a95-96313e1e8585	GET	/api/protected/profile	http://localhost:3000
20240822	19:42:45	f9059c77-1369-46e7-886b-924901cd0160	GET	/api/protected/profile	http://localhost:3000
20240822	19:42:45	a2f57379-9240-4a10-aa26-c74c3dbd1cc1	GET	/api/protected/profile	http://localhost:3000
20240822	19:42:55	7ea11d4f-d967-4929-bd4e-ae2a0d76c25d	GET	/api/protected/profile	http://localhost:3000
20240822	19:42:55	9d606690-4229-40b3-9704-9db7a071f5c6	GET	/api/protected/profile	http://localhost:3000
20240822	19:43:56	448ef8f3-9f8c-486e-89f8-984e210a8888	GET	/api/protected/profile	http://localhost:3000
20240822	19:43:56	3bbde493-ef53-46d8-a613-397ea9ff86b5	GET	/api/protected/profile	http://localhost:3000
20240822	19:44:05	1f28ed50-d748-489a-aaeb-1c1f4d4c2fe1	GET	/api/protected/profile	http://localhost:3000
20240822	19:44:05	8149fab6-19d4-4b06-a9c0-3be0b743837e	GET	/api/protected/profile	http://localhost:3000
20240822	19:44:23	fc3e3489-4cc4-430c-96c9-9d015fbd901b	GET	/api/protected/profile	http://localhost:3000
20240822	19:44:23	9380a89b-4fad-42a4-ae55-600cea177aa0	GET	/api/protected/profile	http://localhost:3000
20240822	19:44:49	976c5571-a7cc-4091-a7b4-26e97a82659b	GET	/api/protected/profile	http://localhost:3000
20240822	19:44:49	9da9aa74-8f4b-4321-8152-d39b4938ff9c	GET	/api/protected/profile	http://localhost:3000
20240822	19:46:15	6f085253-4f7a-439d-a722-1e9fb1a326c9	POST	/api/users/logout	http://localhost:3000
20240822	19:46:37	a4bb3b11-983d-4781-80ef-889f7acf30d7	OPTIONS	/api/users/login	http://localhost:3000
20240822	19:46:37	fc96795d-2119-4f7e-90fd-259cecfbf548	POST	/api/users/login	http://localhost:3000
20240822	19:46:45	4f0a829a-3d3c-46f3-aa21-e7441a59187d	OPTIONS	/api/users/login	http://localhost:3000
20240822	19:46:45	edefd886-2f80-4db6-a70d-56d2350f4390	POST	/api/users/login	http://localhost:3000
20240822	19:47:02	6fb63f4c-4b85-4a01-aab7-2cb3e2e53fb6	OPTIONS	/api/users/login	http://localhost:3000
20240822	19:47:02	15642fc1-983e-4e3c-9822-17156217d811	POST	/api/users/login	http://localhost:3000
20240822	19:47:03	822dc98e-caee-4824-bbeb-3b34e4c38a8d	GET	/api/protected/profile	http://localhost:3000
20240822	19:47:03	2f0c8cf5-2586-4b87-beb1-10c5373b2e4f	GET	/api/protected/profile	http://localhost:3000
20240822	19:47:08	23caf9fd-386f-4098-be77-b74026d9cab6	GET	/api/protected/profile	http://localhost:3000
20240822	19:47:08	83984022-2ecf-46cf-9106-f1ac74cb8be6	GET	/api/protected/profile	http://localhost:3000
20240822	19:48:35	5f9a1ee5-1031-427c-b428-3cf5d48fd142	GET	/api/protected/profile	http://localhost:3000
20240822	19:48:35	ebb3fae1-5733-4749-85d4-93d485cea922	GET	/api/protected/profile	http://localhost:3000
20240822	19:48:50	ba706609-dab5-4f3a-beee-279ae4531ade	GET	/api/protected/profile	http://localhost:3000
20240822	19:48:50	7a45c530-f43b-4119-b4c0-2acda3961302	GET	/api/protected/profile	http://localhost:3000
20240822	19:48:55	acf0e4ea-5f89-4314-b54e-fc794df5ab4a	GET	/api/protected/profile	http://localhost:3000
20240822	19:48:55	cc5ebe62-662e-41e7-9c10-4939556ca2dd	GET	/api/protected/profile	http://localhost:3000
20240822	19:50:00	e311251b-2608-434b-aa99-d5079ac4e66a	GET	/api/protected/profile	http://localhost:3000
20240822	19:50:00	47c9655d-8370-46fc-b298-82f7422db4c1	GET	/api/protected/profile	http://localhost:3000
20240822	19:50:22	ac8f4466-023d-45b8-9fb2-444b9f8407cf	GET	/api/protected/profile	http://localhost:3000
20240822	19:50:22	45d75a97-a9e9-423e-8743-904e082b0a9a	GET	/api/protected/profile	http://localhost:3000
20240822	19:50:48	5c644975-a1e4-448e-9eef-396efcd8e771	GET	/api/protected/profile	http://localhost:3000
20240822	19:50:48	719f80fb-33cd-456b-afef-197b09b5a2dc	GET	/api/protected/profile	http://localhost:3000
20240822	19:50:55	bab8da2d-fc56-4884-8a93-917afbd0dd8b	GET	/api/protected/profile	http://localhost:3000
20240822	19:50:55	0bfcd015-7efa-42d9-894c-4bf8f873d204	GET	/api/protected/profile	http://localhost:3000
20240822	19:50:57	6228b010-6f2a-468e-ad8c-56cbcb7ecd17	GET	/api/protected/profile	http://localhost:3000
20240822	19:50:58	226db9f9-dd37-4a6f-a8b8-2d8229ad9039	GET	/api/protected/profile	http://localhost:3000
20240822	21:53:21	18dded0b-7a6e-4ca6-b7cc-5678251828b4	GET	/api/protected/profile	http://localhost:3000
20240822	21:53:21	f4d6666e-69bc-4464-90a7-2de655cd2d59	GET	/api/protected/profile	http://localhost:3000
20240822	21:53:30	be66a076-c216-4458-9c34-cd759f50d71a	GET	/api/protected/profile	http://localhost:3000
20240822	21:53:30	60ac1f60-eacd-4ac7-9cb3-865d5de8625f	GET	/api/protected/profile	http://localhost:3000
20240822	21:53:55	53bc668d-ce5b-4fd0-a5f7-95c2d17b7ff9	GET	/api/protected/profile	http://localhost:3000
20240822	21:53:55	ede8fa20-4da3-4ce1-a0cd-5c1f5a252c89	GET	/api/protected/profile	http://localhost:3000
20240822	21:54:11	baa523ca-c7d7-472f-8e62-d19048512258	POST	/api/users/logout	http://localhost:3000
20240822	22:19:44	64e81249-64fc-4681-bc73-12072c7ed649	GET	/api/protected/profile	http://localhost:3000
20240822	22:19:44	da6f5ac4-3764-4fdb-a3d4-e1e33486097e	GET	/api/protected/profile	http://localhost:3000
20240822	22:25:59	b731ea39-506a-4bdd-ae35-3fbc8abb05cb	GET	/api/protected/profile	http://localhost:3000
20240822	22:25:59	e75e4667-1146-48cb-bbe5-9c44378a479b	GET	/api/protected/profile	http://localhost:3000
20240822	22:26:02	e13160c6-01ad-42cd-b83f-3f49526d6fab	GET	/api/protected/profile	http://localhost:3000
20240822	22:26:02	c5a066a9-8635-44f6-a21b-45cbde976df2	GET	/api/protected/profile	http://localhost:3000
20240822	22:27:45	4c458bd0-39b2-4329-bca5-f573334341ed	GET	/api/protected/profile	http://localhost:3000
20240822	22:27:45	a8afbca9-8d39-46fa-aebb-73cfa8497539	GET	/api/protected/profile	http://localhost:3000
20240822	22:29:39	80d6c233-36b7-4736-b07b-bfe3e58eb095	GET	/api/protected/profile	http://localhost:3000
20240822	22:29:39	810ebbc6-9e19-4327-8d04-a4d2a66a7967	GET	/api/protected/profile	http://localhost:3000
20240822	22:30:43	d033fd49-3452-4f7a-8bf2-da3346c55f79	GET	/api/protected/profile	http://localhost:3000
20240822	22:30:43	ca559e43-6533-4dcd-ac8e-6edb3fd17ed2	GET	/api/protected/profile	http://localhost:3000
20240822	22:30:43	c198db6f-0267-477c-bfb0-c758e9c83abf	GET	/api/users/refresh	http://localhost:3000
20240822	22:30:43	12c8de07-b9c2-4691-b886-91b7a95cf3ab	GET	/api/users/refresh	http://localhost:3000
20240822	22:32:43	d6d64423-ab33-4017-ad4b-827e9bd193fb	GET	/api/protected/profile	http://localhost:3000
20240822	22:32:43	da4db65e-a344-4009-87c6-060b300e6434	GET	/api/protected/profile	http://localhost:3000
20240822	22:32:43	796a4e62-b54f-4fb2-8142-7b8259690dca	GET	/api/users/refresh	http://localhost:3000
20240822	22:32:43	231a09b2-44aa-4041-8d04-66055834bfc6	GET	/api/users/refresh	http://localhost:3000
20240822	22:33:20	0f6c0913-e1ff-4f62-9fa8-241e04a4d537	GET	/api/protected/profile	http://localhost:3000
20240822	22:33:20	eec8c1b7-0f9e-4720-b5fb-67beb5cdb877	GET	/api/protected/profile	http://localhost:3000
20240822	22:33:20	ee7dfb5b-f439-4c01-9b24-6dd65f163379	GET	/api/users/refresh	http://localhost:3000
20240822	22:33:20	aa8615fd-6c25-41e9-8062-0fc641aba2d1	GET	/api/users/refresh	http://localhost:3000
20240822	22:33:54	f6b5a0de-3e9a-4fb7-9f18-17e7288e95ae	GET	/api/protected/profile	http://localhost:3000
20240822	22:33:54	6edb3905-3f27-412b-a16e-4593cb0c743f	GET	/api/protected/profile	http://localhost:3000
20240822	22:33:54	b10d2c2e-617b-4088-a1e3-25cd8e0ad6c8	GET	/api/users/refresh	http://localhost:3000
20240822	22:33:54	7a037f92-1001-4026-b4df-f34254bfa5b9	GET	/api/users/refresh	http://localhost:3000
20240822	22:35:52	dcb4e349-7a3a-4f6d-998c-923ac4cacd82	GET	/api/protected/profile	http://localhost:3000
20240822	22:35:52	1808c1bd-82eb-41a8-89a3-63fe37b47a1e	GET	/api/protected/profile	http://localhost:3000
20240822	22:35:52	58095e81-fc7c-4051-a373-e2d325f4b9a1	GET	/api/users/refresh	http://localhost:3000
20240822	22:35:52	c2178c02-d09a-40cd-a5c0-3bb2ff698f81	GET	/api/users/refresh	http://localhost:3000
20240822	22:39:39	478b2434-5927-48ec-b3d2-62bef26bdc91	GET	/api/protected/profile	http://localhost:3000
20240822	22:39:39	f2ce16a9-c013-45ba-abb1-76c85218bf91	GET	/api/protected/profile	http://localhost:3000
20240822	22:39:39	9102dd3a-a66a-4214-8de2-4d8ba298f0e4	GET	/api/users/refresh	http://localhost:3000
20240822	22:39:39	0c8051ac-8328-4982-b69c-a0aa9e106bd0	GET	/api/users/refresh	http://localhost:3000
20240822	22:44:24	3817f01a-d55b-4c72-9855-db001ec1746e	GET	/api/protected/profile	http://localhost:3000
20240822	22:44:24	9e5f4ee3-ca87-4cb0-b466-fa370ef5f1e2	GET	/api/protected/profile	http://localhost:3000
20240822	22:44:24	cc9a15e2-7786-4212-9c0b-ae7936998f46	GET	/api/users/refresh	http://localhost:3000
20240822	22:44:24	d8ed4ee5-da8d-4c94-875c-2ffae07b9967	GET	/api/users/refresh	http://localhost:3000
20240822	22:45:46	91ea5757-08f8-46b6-95e7-653e701ae8fa	GET	/api/protected/profile	http://localhost:3000
20240822	22:45:46	57d323b4-11af-49b4-b2a5-3533a5cdd40f	GET	/api/protected/profile	http://localhost:3000
20240822	22:45:46	72d37902-8f7a-419d-aa4e-e4cd2806bfd2	GET	/api/users/refresh	http://localhost:3000
20240822	22:45:46	8a6f86c5-f601-4d68-a078-78147f5470d7	GET	/api/users/refresh	http://localhost:3000
20240822	22:47:05	7a87f948-83d3-4f71-bd48-668962cf1c61	GET	/api/protected/profile	http://localhost:3000
20240822	22:47:05	0fc78dd7-1de7-4f48-81e5-6374540ae7d3	GET	/api/protected/profile	http://localhost:3000
20240822	22:47:05	bc51b1b1-b3d4-4bff-8c87-55bf51e0113e	OPTIONS	/api/users/refresh	http://localhost:3000
20240822	22:47:05	f821b7a9-bc69-4983-866c-ae9129a87aa4	POST	/api/users/refresh	http://localhost:3000
20240822	22:47:05	18d2112b-ca48-412c-af1d-f568009ddf3b	POST	/api/users/refresh	http://localhost:3000
20240822	22:48:41	b426025f-4f07-41cc-995c-ebc37dca858b	GET	/api/protected/profile	http://localhost:3000
20240822	22:48:41	f92bfec1-ec7a-4548-a18f-ca075c3147cd	GET	/api/protected/profile	http://localhost:3000
20240822	22:48:41	4e639b4c-94f7-4d8f-b345-6b3bec41c355	OPTIONS	/api/users/refresh	http://localhost:3000
20240822	22:48:41	f93b27fe-8318-4120-87d5-4a9c98d5ab89	POST	/api/users/refresh	http://localhost:3000
20240822	22:48:41	7b8e973b-4960-45ad-ad00-91b02f87f251	OPTIONS	/api/users/refresh	http://localhost:3000
20240822	22:48:41	4215c358-29de-47e8-a255-8581cd91496e	POST	/api/users/refresh	http://localhost:3000
20240822	22:53:15	01a200e9-6cfa-4368-8aa0-778246e91340	GET	/api/protected/profile	http://localhost:3000
20240822	22:53:15	97500d9d-35d2-4e7d-8f4f-b7318f1319c3	GET	/api/protected/profile	http://localhost:3000
20240822	22:53:15	272478ed-2754-4d9c-a6ca-c0528cd95756	OPTIONS	/api/users/refresh	http://localhost:3000
20240822	22:53:15	6e57c5b4-b5dd-42ea-b37d-1840ef5e2a20	POST	/api/users/refresh	http://localhost:3000
20240822	22:53:15	aad8815f-96cd-49df-a977-2957cf81f69c	POST	/api/users/refresh	http://localhost:3000
20240822	22:54:28	ae9ccad7-2e91-4d11-b89a-1f19976f2ec3	GET	/api/protected/profile	http://localhost:3000
20240822	22:54:28	43284cb6-de4d-4a90-9bb5-2a2e6705bd6d	GET	/api/protected/profile	http://localhost:3000
20240822	22:54:28	8fb37e11-bbe6-47d1-a919-b0b18ca248de	OPTIONS	/api/users/refresh	http://localhost:3000
20240822	22:54:28	b467356c-78e7-4591-89a0-d0112507c3b6	OPTIONS	/api/users/refresh	http://localhost:3000
20240822	22:54:28	2e4d9817-dbde-4aee-874f-51e4917017bf	POST	/api/users/refresh	http://localhost:3000
20240822	22:54:28	9b3e1619-6ff5-4de9-a16e-215e9fbc910b	POST	/api/users/refresh	http://localhost:3000
20240822	22:55:49	4ab61834-8413-448c-93ff-d58dc7f8c3c9	GET	/api/protected/profile	http://localhost:3000
20240822	22:55:49	7d3bb3c5-ad1d-4fcf-8f08-73b86760ac16	GET	/api/protected/profile	http://localhost:3000
20240822	22:55:49	238ed906-50d7-4276-8bbc-b53032b6514b	OPTIONS	/api/users/refresh	http://localhost:3000
20240822	22:55:49	ccd8ae5e-2644-496d-89dc-35113fade38a	POST	/api/users/refresh	http://localhost:3000
20240822	22:55:49	e6f8b8d4-ebba-448f-a80d-d4056ba2fb3a	POST	/api/users/refresh	http://localhost:3000
20240822	22:56:30	bf560974-f450-4e4f-bfc3-67269629b629	GET	/api/protected/profile	http://localhost:3000
20240822	22:56:30	ecbd271d-a4c3-4aeb-b015-9c321375abe2	GET	/api/protected/profile	http://localhost:3000
20240822	22:56:30	d677477c-1f8d-4a65-9fad-3e69fa4d3bea	OPTIONS	/api/users/refresh	http://localhost:3000
20240822	22:56:30	d7613373-7413-4e0a-befb-9163da752a7a	POST	/api/users/refresh	http://localhost:3000
20240822	22:56:30	a52ec6ca-ac11-480b-9070-a16c5509f7be	POST	/api/users/refresh	http://localhost:3000
20240822	22:57:44	6ddfb324-e28f-45bd-b88e-2de71f69888e	GET	/api/protected/profile	http://localhost:3000
20240822	22:57:44	3e6e88f8-9616-459a-b4cf-59777b31ab46	GET	/api/protected/profile	http://localhost:3000
20240822	22:57:44	64b0221f-40a3-4b43-806e-9f4a334bd909	OPTIONS	/api/users/refresh	http://localhost:3000
20240822	22:57:44	efd0fa9d-1d69-40c7-a5d5-76558982f07f	POST	/api/users/refresh	http://localhost:3000
20240822	22:57:45	d37eca32-32ef-4037-8b40-35b696390564	POST	/api/users/refresh	http://localhost:3000
20240822	22:58:16	5aff2c62-eedf-4dd2-a44b-56698b8ddaf2	GET	/api/protected/profile	http://localhost:3000
20240822	22:58:16	a7253a56-96be-4a72-b7ae-2889dd36bad2	GET	/api/protected/profile	http://localhost:3000
20240822	22:58:16	1d4eb1d2-f4e0-46de-9187-095ebe56b589	OPTIONS	/api/users/refresh	http://localhost:3000
20240822	22:58:16	3221b2f7-3741-414e-b852-d84d51700f39	POST	/api/users/refresh	http://localhost:3000
20240822	22:58:16	fc2de564-f137-4209-8767-a43a76f5d7de	GET	/api/protected/profile	http://localhost:3000
20240822	22:58:16	2c36b5fd-628f-4166-be0f-0f4925ee6002	POST	/api/users/refresh	http://localhost:3000
20240822	22:58:16	53ba4c1b-6497-4221-9f9e-e4cbf6e50f5d	GET	/api/protected/profile	http://localhost:3000
20240822	22:59:27	73f15fb7-d28c-4411-8461-9e246da524df	GET	/api/protected/profile	http://localhost:3000
20240822	22:59:27	c37cca3c-e643-48a7-8034-855f75f163ce	GET	/api/protected/profile	http://localhost:3000
20240822	22:59:27	127164a6-a901-4776-8c04-560c67f02265	OPTIONS	/api/users/refresh	http://localhost:3000
20240822	22:59:27	6800df3c-05b7-4ce4-b854-e6294b3eb3f2	POST	/api/users/refresh	http://localhost:3000
20240822	22:59:27	49d86fab-9666-4575-9b8b-b796dd3cd71a	GET	/api/protected/profile	http://localhost:3000
20240822	22:59:27	cf73a628-64fa-4bc7-b71a-bd0d68352105	POST	/api/users/refresh	http://localhost:3000
20240822	22:59:28	f031b902-f26e-416f-b5ad-89cfee917d3a	GET	/api/protected/profile	http://localhost:3000
20240822	23:00:55	31e3a3c1-4630-4364-aa6e-595bdeea13c0	GET	/api/protected/profile	http://localhost:3000
20240822	23:00:55	c0013a44-db59-453a-b7fa-6bc2ced625c1	GET	/api/protected/profile	http://localhost:3000
20240822	23:00:55	b63946f7-12c3-4adb-8a78-88691bdcfe5a	OPTIONS	/api/users/refresh	http://localhost:3000
20240822	23:00:55	348b5bbb-ed55-40ca-9360-d1563826595d	POST	/api/users/refresh	http://localhost:3000
20240822	23:00:55	5b1b1c04-11eb-413b-b091-a5be74d61996	GET	/api/protected/profile	http://localhost:3000
20240822	23:00:55	14def53e-f21f-4a42-9971-50f98eae1bd2	POST	/api/users/refresh	http://localhost:3000
20240822	23:00:55	8111c756-43bd-4407-a373-5f63216f66e9	GET	/api/protected/profile	http://localhost:3000
20240823	10:56:03	c713f2ea-0e94-4c66-8f4b-da7f7ed0f1fe	OPTIONS	/api/users/login	http://localhost:3000
20240823	10:56:03	91976c41-a7c5-4682-99cf-c465e7c506b9	POST	/api/users/login	http://localhost:3000
20240823	10:56:31	f554f702-9a37-4e16-9636-34ef115bf8d1	GET	/api/protected/profile	http://localhost:3000
20240823	10:56:31	30b95621-db0e-4211-b74a-a4574e02fee7	GET	/api/protected/profile	http://localhost:3000
20240823	10:56:31	12a9491a-46a0-4605-b0d7-9f6a96a2fe1c	OPTIONS	/api/users/refresh	http://localhost:3000
20240823	10:56:31	e9aae575-33bb-4ab6-9818-20d0bcb82ffe	POST	/api/users/refresh	http://localhost:3000
20240823	10:56:31	e3ced240-455e-4f46-9311-38118be6bd39	OPTIONS	/api/users/refresh	http://localhost:3000
20240823	10:56:31	bacab723-5601-41c3-ad7d-8662bd81882a	POST	/api/users/refresh	http://localhost:3000
20240823	10:56:31	b3ade5bd-b63b-45c2-b3d9-82aa7b7720d9	GET	/api/protected/profile	http://localhost:3000
20240823	10:56:31	e72f5883-1b9c-434a-82e7-7ef2c15cd187	GET	/api/protected/profile	http://localhost:3000
20240823	10:56:51	0d6cbd9d-b794-483a-aabf-492af7ba8658	GET	/api/protected/profile	http://localhost:3000
20240823	10:56:51	aa599512-782a-4f83-a838-b85b3042826d	GET	/api/protected/profile	http://localhost:3000
20240823	10:56:51	2c743a57-4f8d-4eec-bda0-946b548a34e0	OPTIONS	/api/users/refresh	http://localhost:3000
20240823	10:56:51	8d8890cf-e3fb-4157-b8b7-8833e1eddc58	POST	/api/users/refresh	http://localhost:3000
20240823	10:56:51	b6d942d2-7fe7-483c-93d8-33543a3100f6	POST	/api/users/refresh	http://localhost:3000
20240823	10:56:51	62913f86-9d81-4e23-a43c-68c49113160f	GET	/api/protected/profile	http://localhost:3000
20240823	10:56:51	7283be67-f4ad-4647-9d0a-f96b5161bcf8	GET	/api/protected/profile	http://localhost:3000
20240823	11:01:36	4f6333f1-cab1-42a8-aa6a-74b4c982566c	POST	/api/users/logout	http://localhost:3000
20240823	11:05:37	ba1f296b-b8b0-47b5-a118-571bf133e68f	OPTIONS	/api/users/login	http://localhost:3000
20240823	11:05:37	11b85d81-0975-454c-963e-6df67a50a4fe	POST	/api/users/login	http://localhost:3000
20240823	11:05:37	b87d5066-1d42-49bc-8f5d-47ba06ad28a0	GET	/api/protected/profile	http://localhost:3000
20240823	11:05:38	737aab83-c63d-41de-9669-a401c4975517	GET	/api/protected/profile	http://localhost:3000
20240823	11:05:48	cbb1aa71-ff43-44b6-b97b-b7ecfb41624b	POST	/api/users/logout	http://localhost:3000
20240823	11:08:08	7600ef54-bb51-49a3-a33a-f70e7752e795	GET	/api/protected/profile	http://localhost:3000
20240823	11:08:08	22b84752-2ca4-4dbc-ac07-2f053aa497c2	GET	/api/protected/profile	http://localhost:3000
20240823	11:34:40	0b6cce8e-e9c3-46e1-aaa6-5814e1b8722a	GET	/api/protected/profile	http://localhost:3000
20240823	11:34:40	366a5a98-cd14-4cad-a35d-b290f5ffd9ec	GET	/api/protected/profile	http://localhost:3000
20240823	11:36:14	589c3352-bad0-4fb6-a01f-61936946525b	OPTIONS	/api/users/login	http://localhost:3000
20240823	11:36:14	3338bc87-e60f-4393-a48e-0d9634c7773a	POST	/api/users/login	http://localhost:3000
20240823	11:36:15	3ff2586b-0e55-4550-854b-54ba6a72c6dc	GET	/api/protected/profile	http://localhost:3000
20240823	11:36:15	695cf401-ecf5-4820-8834-da6fc9265619	GET	/api/protected/profile	http://localhost:3000
20240823	11:36:32	90ee4391-ae07-43ca-aeb4-7be0410bdbd4	GET	/api/protected/profile	http://localhost:3000
20240823	11:36:32	11538dbe-666d-433a-bf8f-16f3c939d5f1	GET	/api/protected/profile	http://localhost:3000
20240823	11:36:47	4809c3c5-fac3-4a31-a882-11a9ceaf21eb	GET	/api/protected/profile	http://localhost:3000
20240823	11:36:47	62724e34-db29-4fcc-a3f3-ed62b50489ba	GET	/api/protected/profile	http://localhost:3000
20240823	11:36:55	211ad5c7-f9f4-462c-81b7-bddfdea7ac91	POST	/api/users/logout	http://localhost:3000
20240823	11:38:05	448233e6-d651-4a80-9fdd-2064550bec42	OPTIONS	/api/users/login	http://localhost:3000
20240823	11:38:05	612b9c0f-cc79-4461-be79-af428b542358	POST	/api/users/login	http://localhost:3000
20240823	11:38:05	25d05d85-0ea0-4f2f-a010-7fb246dc06e3	GET	/api/protected/profile	http://localhost:3000
20240823	11:38:05	1d11a96e-0cf1-4b4f-8bbd-0138ca52c97c	GET	/api/protected/profile	http://localhost:3000
